<?xml version="1.0" encoding="UTF-8"?>
<testsuite xmlns:xsi="http://www.w3.org/2001/XMLSchema-instance" xsi:noNamespaceSchemaLocation="https://maven.apache.org/surefire/maven-surefire-plugin/xsd/surefire-test-report.xsd" name="com.cc.jwks.JWKSServerTest" time="0.351" tests="3" errors="3" skipped="0" failures="0">
  <properties>
[...]
</properties>
  <testcase name="testAuthHandlerWithExpiredKey" classname="com.cc.jwks.JWKSServerTest" time="0.326">
    <error type="java.net.ConnectException">java.net.ConnectException
	at com.cc.jwks.JWKSServerTest.testAuthHandlerWithExpiredKey(JWKSServerTest.java:84)
Caused by: java.net.ConnectException
Caused by: java.nio.channels.ClosedChannelException
</error>
  </testcase>
  <testcase name="testAuthHandler" classname="com.cc.jwks.JWKSServerTest" time="0.006">
    <error type="java.net.ConnectException">java.net.ConnectException
	at com.cc.jwks.JWKSServerTest.testAuthHandler(JWKSServerTest.java:66)
Caused by: java.net.ConnectException
Caused by: java.nio.channels.ClosedChannelException
</error>
  </testcase>
  <testcase name="testJWKSHandler" classname="com.cc.jwks.JWKSServerTest" time="0.004">
    <error type="java.net.ConnectException">java.net.ConnectException
	at com.cc.jwks.JWKSServerTest.testJWKSHandler(JWKSServerTest.java:48)
Caused by: java.net.ConnectException
Caused by: java.nio.channels.ClosedChannelException
</error>
  </testcase>
</testsuite>